[2021-11-17 07:54:23,437][main][INFO][com.wjl.rbac.SpringbootRbacApplication:55] Starting SpringbootRbacApplication using Java 17 on lonestar with PID 9736 (D:\wjl\workspace\IdeaProjects\projects\springboot-rbac\target\classes started by wjl in D:\wjl\workspace\IdeaProjects\projects\springboot-rbac)
[2021-11-17 07:54:23,452][main][INFO][com.wjl.rbac.SpringbootRbacApplication:659] No active profile set, falling back to default profiles: default
[2021-11-17 07:54:24,072][main][INFO][org.springframework.data.repository.config.RepositoryConfigurationDelegate:132] Bootstrapping Spring Data JPA repositories in DEFAULT mode.
[2021-11-17 07:54:24,184][main][INFO][org.springframework.data.repository.config.RepositoryConfigurationDelegate:201] Finished Spring Data repository scanning in 86 ms. Found 5 JPA repository interfaces.
[2021-11-17 07:54:24,624][main][INFO][org.springframework.boot.web.embedded.tomcat.TomcatWebServer:108] Tomcat initialized with port(s): 8088 (http)
[2021-11-17 07:54:24,624][main][INFO][org.apache.coyote.http11.Http11NioProtocol:173] Initializing ProtocolHandler ["http-nio-8088"]
[2021-11-17 07:54:24,640][main][INFO][org.apache.catalina.core.StandardService:173] Starting service [Tomcat]
[2021-11-17 07:54:24,640][main][INFO][org.apache.catalina.core.StandardEngine:173] Starting Servlet engine: [Apache Tomcat/9.0.54]
[2021-11-17 07:54:24,640][main][INFO][org.apache.catalina.core.AprLifecycleListener:173] Loaded Apache Tomcat Native library [1.2.30] using APR version [1.7.0].
[2021-11-17 07:54:24,640][main][INFO][org.apache.catalina.core.AprLifecycleListener:173] APR capabilities: IPv6 [true], sendfile [true], accept filters [false], random [true], UDS [true].
[2021-11-17 07:54:24,640][main][INFO][org.apache.catalina.core.AprLifecycleListener:173] APR/OpenSSL configuration: useAprConnector [false], useOpenSSL [true]
[2021-11-17 07:54:24,655][main][INFO][org.apache.catalina.core.AprLifecycleListener:173] OpenSSL successfully initialized [OpenSSL 1.1.1k  25 Mar 2021]
[2021-11-17 07:54:24,734][main][INFO][org.apache.catalina.core.ContainerBase.[Tomcat].[localhost].[/]:173] Initializing Spring embedded WebApplicationContext
[2021-11-17 07:54:24,734][main][INFO][org.springframework.boot.web.servlet.context.ServletWebServerApplicationContext:290] Root WebApplicationContext: initialization completed in 1250 ms
[2021-11-17 07:54:24,884][main][INFO][org.hibernate.jpa.internal.util.LogHelper:31] HHH000204: Processing PersistenceUnitInfo [name: default]
[2021-11-17 07:54:24,946][main][INFO][org.hibernate.Version:44] HHH000412: Hibernate ORM core version 5.4.32.Final
[2021-11-17 07:54:25,071][main][INFO][org.hibernate.annotations.common.Version:56] HCANN000001: Hibernate Commons Annotations {5.1.2.Final}
[2021-11-17 07:54:25,165][main][INFO][com.zaxxer.hikari.HikariDataSource:110] HikariPool-1 - Starting...
[2021-11-17 07:54:25,290][main][INFO][com.zaxxer.hikari.HikariDataSource:123] HikariPool-1 - Start completed.
[2021-11-17 07:54:25,306][main][INFO][org.hibernate.dialect.Dialect:175] HHH000400: Using dialect: org.hibernate.dialect.MySQL8Dialect
[2021-11-17 07:54:25,806][main][INFO][org.hibernate.engine.transaction.jta.platform.internal.JtaPlatformInitiator:52] HHH000490: Using JtaPlatform implementation: [org.hibernate.engine.transaction.jta.platform.internal.NoJtaPlatform]
[2021-11-17 07:54:25,821][main][INFO][org.springframework.orm.jpa.LocalContainerEntityManagerFactoryBean:437] Initialized JPA EntityManagerFactory for persistence unit 'default'
[2021-11-17 07:54:26,509][main][INFO][org.apache.coyote.http11.Http11NioProtocol:173] Starting ProtocolHandler ["http-nio-8088"]
[2021-11-17 07:54:26,556][main][INFO][org.springframework.boot.web.embedded.tomcat.TomcatWebServer:220] Tomcat started on port(s): 8088 (http) with context path ''
[2021-11-17 07:54:26,556][main][INFO][com.wjl.rbac.SpringbootRbacApplication:61] Started SpringbootRbacApplication in 3.481 seconds (JVM running for 4.594)
[2021-11-17 07:56:03,267][http-nio-8088-exec-2][INFO][org.apache.catalina.core.ContainerBase.[Tomcat].[localhost].[/]:173] Initializing Spring DispatcherServlet 'dispatcherServlet'
[2021-11-17 07:56:03,267][http-nio-8088-exec-2][INFO][org.springframework.web.servlet.DispatcherServlet:525] Initializing Servlet 'dispatcherServlet'
[2021-11-17 07:56:03,275][http-nio-8088-exec-2][INFO][org.springframework.web.servlet.DispatcherServlet:547] Completed initialization in 8 ms
[2021-11-17 08:00:43,385][SpringApplicationShutdownHook][INFO][org.springframework.orm.jpa.LocalContainerEntityManagerFactoryBean:651] Closing JPA EntityManagerFactory for persistence unit 'default'
[2021-11-17 08:00:43,385][SpringApplicationShutdownHook][INFO][com.zaxxer.hikari.HikariDataSource:350] HikariPool-1 - Shutdown initiated...
[2021-11-17 08:00:43,401][SpringApplicationShutdownHook][INFO][com.zaxxer.hikari.HikariDataSource:352] HikariPool-1 - Shutdown completed.
